<?xml version="1.0" encoding="UTF-8"?>
<testsuite name="com.unac.runners.ParaBankRegister" tests="0" skipped="0" failures="0" errors="0" timestamp="1970-01-01T00:00:00" hostname="LAPTOP-V42CCMKD" time="0.0">
  <properties/>
  <system-out><![CDATA[
1 Scenarios (?[32m1 passed?[0m)
7 Steps (?[32m7 passed?[0m)
0m24,315s


]]></system-out>
  <system-err><![CDATA[[Test worker] INFO io.cucumber.core.plugin.SerenityReporter - Running feature from file:///C:/Users/DavidSanchez055/IdeaProjects/TallerPruebaWebPOMDavidSanchez/src/test/resources/com/unac/features/parabank.feature
[Test worker] INFO  - 

-------------------------------------------------------------------------------------
     _______. _______ .______       _______ .__   __.  __  .___________.____    ____ 
    /       ||   ____||   _  \     |   ____||  \ |  | |  | |           |\   \  /   / 
   |   (----`|  |__   |  |_)  |    |  |__   |   \|  | |  | `---|  |----` \   \/   /  
    \   \    |   __|  |      /     |   __|  |  . `  | |  |     |  |       \_    _/   
.----)   |   |  |____ |  |\  \----.|  |____ |  |\   | |  |     |  |         |  |     
|_______/    |_______|| _| `._____||_______||__| \__| |__|     |__|         |__|    
                                                                                     
 News and tutorials at http://www.serenity-bdd.info                                  
 Documentation at https://wakaleo.gitbooks.io/the-serenity-book/content/             
 Join the Serenity Community on Gitter: https://gitter.im/serenity-bdd/serenity-core 
 Serenity BDD Support and Training at http://serenity-bdd.info/#/trainingandsupport  
-------------------------------------------------------------------------------------

[Test worker] INFO  - Test Suite Started: Realizar la apertura de una nueva cuenta y verificar que esta salga en el resumen de cuenta
[pool-1-thread-1] INFO net.thucydides.core.reports.ReportService - net.thucydides.core.reports.json.JSONTestOutcomeReporter@4f6fd101: Generating report for test outcome: Realizar la apertura de una nueva cuenta y verificar que esta salga en el resumen de cuenta:Registrar cuenta en Parabank
[pool-2-thread-1] INFO net.thucydides.core.reports.ReportService - net.thucydides.core.reports.html.HtmlAcceptanceTestReporter@287ad0da: Generating report for test outcome: Realizar la apertura de una nueva cuenta y verificar que esta salga en el resumen de cuenta:Registrar cuenta en Parabank
[Test worker] INFO io.cucumber.core.plugin.SerenityReporter - Cleanup test resources for URI file:///C:/Users/DavidSanchez055/IdeaProjects/TallerPruebaWebPOMDavidSanchez/src/test/resources/com/unac/features/parabank.feature
]]></system-err>
</testsuite>
