<?xml version="1.0" encoding="UTF-8"?>
<testsuite name="Realizar la apertura de una nueva cuenta y verificar que esta salga en el resumen de cuenta" tests="1" skipped="0" failures="0" errors="0" timestamp="2024-05-31T03:56:28" hostname="LAPTOP-V42CCMKD" time="23.893">
  <properties/>
  <testcase name="Registrar cuenta en Parabank" classname="Realizar la apertura de una nueva cuenta y verificar que esta salga en el resumen de cuenta" time="23.893"/>
  <system-out><![CDATA[La cuenta 16452 estÃ¡ presente en la tabla.
]]></system-out>
  <system-err><![CDATA[[Test worker] INFO io.cucumber.core.plugin.SerenityReporter - Running feature from file:///C:/Users/DavidSanchez055/IdeaProjects/TallerPruebaWebPOMDavidSanchez/src/test/resources/com/unac/features/parabank.feature
[Test worker] INFO  - 
  _____   ___   ___   _____     ___   _____     _     ___   _____   ___   ___  
 |_   _| | __| / __| |_   _|   / __| |_   _|   /_\   | _ \ |_   _| | __| |   \ 
   | |   | _|  \__ \   | |     \__ \   | |    / _ \  |   /   | |   | _|  | |) |
   |_|   |___| |___/   |_|     |___/   |_|   /_/ \_\ |_|_\   |_|   |___| |___/ 

Registrar cuenta en Parabank(realizar-la-apertura-de-una-nueva-cuenta-y-verificar-que-esta-salga-en-el-resumen-de-cuenta;registrar-cuenta-en-parabank)
--------------------------------------------------------------------------------
[Test worker] INFO net.serenitybdd.core.webdriver.driverproviders.ChromeDriverProvider - Using automatically driver download
[Test worker] ERROR io.github.bonigarcia.wdm.online.HttpClient - Error HTTP 404 executing https://chromedriver.storage.googleapis.com/LATEST_RELEASE_125
[Test worker] WARN io.github.bonigarcia.wdm.versions.VersionDetector - Exception reading https://chromedriver.storage.googleapis.com/LATEST_RELEASE_125 to get latest version of chromedriver (Error HTTP 404 executing https://chromedriver.storage.googleapis.com/LATEST_RELEASE_125)
[Test worker] INFO io.github.bonigarcia.wdm.WebDriverManager - Exporting webdriver.chrome.driver as C:\Users\DavidSanchez055\.cache\selenium\chromedriver\win32\114.0.5735.90\chromedriver.exe
[Test worker] INFO net.serenitybdd.core.webdriver.driverproviders.ProvideNewDriver - Instantiating driver
[Test worker] INFO net.serenitybdd.core.webdriver.driverproviders.ProvideNewDriver - Driver capabilities: Capabilities {acceptInsecureCerts: false, browserName: chrome, chrome.switches: --start-maximized,--enable-..., goog:chromeOptions: {args: [--start-maximized, --enable-automation, --no-sandbox, --disable-gpu-sandbox, --disable-blink-features=Au...], extensions: []}, loggingPrefs: org.openqa.selenium.logging...}
Starting ChromeDriver 125.0.6422.76 (67dcf7562b8fb4ab0819135589e37a97bcc8942c-refs/branch-heads/6422@{#1086}) on port 12185
Only local connections are allowed.
Please see https://chromedriver.chromium.org/security-considerations for suggestions on keeping ChromeDriver safe.
ChromeDriver was started successfully.
may. 30, 2024 10:56:35 P. M. org.openqa.selenium.remote.ProtocolHandshake createSession
INFORMACIÓN: Detected dialect: W3C
[Test worker] INFO  - 
  _____   ___   ___   _____     ___     _     ___   ___   ___   ___  
 |_   _| | __| / __| |_   _|   | _ \   /_\   / __| / __| | __| |   \ 
   | |   | _|  \__ \   | |     |  _/  / _ \  \__ \ \__ \ | _|  | |) |
   |_|   |___| |___/   |_|     |_|   /_/ \_\ |___/ |___/ |___| |___/ 

Registrar cuenta en Parabank
----------------------------------------------------------------------
]]></system-err>
</testsuite>
